  [1m[35m (238.2ms)[0m  [1m[35mCREATE TABLE "schema_migrations" ("version" varchar NOT NULL PRIMARY KEY) /*application='Aula25'*/[0m
  [1m[35m (0.4ms)[0m  [1m[35mCREATE TABLE "ar_internal_metadata" ("key" varchar NOT NULL PRIMARY KEY, "value" varchar, "created_at" datetime(6) NOT NULL, "updated_at" datetime(6) NOT NULL) /*application='Aula25'*/[0m
  [1m[36mActiveRecord::InternalMetadata Load (0.1ms)[0m  [1m[34mSELECT * FROM "ar_internal_metadata" WHERE "ar_internal_metadata"."key" = 'environment' ORDER BY "ar_internal_metadata"."key" ASC LIMIT 1 /*application='Aula25'*/[0m
  [1m[36mActiveRecord::InternalMetadata Create (0.1ms)[0m  [1m[32mINSERT INTO "ar_internal_metadata" ("key", "value", "created_at", "updated_at") VALUES ('environment', 'development', '2025-01-21 00:32:23.936259', '2025-01-21 00:32:23.936261') RETURNING "key" /*application='Aula25'*/[0m
  [1m[36mActiveRecord::SchemaMigration Load (0.0ms)[0m  [1m[34mSELECT "schema_migrations"."version" FROM "schema_migrations" ORDER BY "schema_migrations"."version" ASC /*application='Aula25'*/[0m
Migrating to CreateFathers (20250121003126)
  [1m[36mTRANSACTION (0.0ms)[0m  [1m[35mBEGIN immediate TRANSACTION /*application='Aula25'*/[0m
  [1m[35m (0.8ms)[0m  [1m[35mCREATE TABLE "fathers" ("id" integer PRIMARY KEY AUTOINCREMENT NOT NULL, "name" varchar, "created_at" datetime(6) NOT NULL, "updated_at" datetime(6) NOT NULL) /*application='Aula25'*/[0m
  [1m[36mActiveRecord::SchemaMigration Create (0.1ms)[0m  [1m[32mINSERT INTO "schema_migrations" ("version") VALUES ('20250121003126') RETURNING "version" /*application='Aula25'*/[0m
  [1m[36mTRANSACTION (0.1ms)[0m  [1m[35mCOMMIT TRANSACTION /*application='Aula25'*/[0m
Migrating to CreateChildren (20250121003157)
  [1m[36mTRANSACTION (0.0ms)[0m  [1m[35mBEGIN immediate TRANSACTION /*application='Aula25'*/[0m
  [1m[35m (10.6ms)[0m  [1m[35mCREATE TABLE "children" ("id" integer PRIMARY KEY AUTOINCREMENT NOT NULL, "name" varchar, "sex" varchar, "father_id" integer NOT NULL, "created_at" datetime(6) NOT NULL, "updated_at" datetime(6) NOT NULL, CONSTRAINT "fk_rails_cfc1ab3640"
FOREIGN KEY ("father_id")
  REFERENCES "fathers" ("id")
) /*application='Aula25'*/[0m
  [1m[35m (0.1ms)[0m  [1m[35mCREATE INDEX "index_children_on_father_id" ON "children" ("father_id") /*application='Aula25'*/[0m
  [1m[36mActiveRecord::SchemaMigration Create (0.1ms)[0m  [1m[32mINSERT INTO "schema_migrations" ("version") VALUES ('20250121003157') RETURNING "version" /*application='Aula25'*/[0m
  [1m[36mTRANSACTION (0.1ms)[0m  [1m[35mCOMMIT TRANSACTION /*application='Aula25'*/[0m
  [1m[36mActiveRecord::SchemaMigration Load (0.0ms)[0m  [1m[34mSELECT "schema_migrations"."version" FROM "schema_migrations" ORDER BY "schema_migrations"."version" ASC /*application='Aula25'*/[0m
Started GET "/" for 127.0.0.1 at 2025-01-20 20:33:43 -0400
  [1m[36mActiveRecord::SchemaMigration Load (0.3ms)[0m  [1m[34mSELECT "schema_migrations"."version" FROM "schema_migrations" ORDER BY "schema_migrations"."version" ASC /*application='Aula25'*/[0m
Processing by Rails::WelcomeController#index as HTML
  Rendering /home/braga/.rvm/gems/ruby-3.3.3/gems/railties-8.0.1/lib/rails/templates/rails/welcome/index.html.erb
  Rendered /home/braga/.rvm/gems/ruby-3.3.3/gems/railties-8.0.1/lib/rails/templates/rails/welcome/index.html.erb (Duration: 1.7ms | GC: 0.0ms)
Completed 200 OK in 145ms (Views: 16.4ms | ActiveRecord: 0.0ms (0 queries, 0 cached) | GC: 1.9ms)


Started GET "/fathers" for 127.0.0.1 at 2025-01-20 20:33:51 -0400
Processing by FathersController#index as HTML
  Rendering layout layouts/application.html.erb
  Rendering fathers/index.html.erb within layouts/application
  [1m[36mFather Load (19.0ms)[0m  [1m[34mSELECT "fathers".* FROM "fathers" /*action='index',application='Aula25',controller='fathers'*/[0m
  ↳ app/views/fathers/index.html.erb:8
  Rendered fathers/index.html.erb within layouts/application (Duration: 24.2ms | GC: 0.0ms)
  Rendered layout layouts/application.html.erb (Duration: 31.7ms | GC: 0.0ms)
Completed 200 OK in 270ms (Views: 14.4ms | ActiveRecord: 19.0ms (1 query, 0 cached) | GC: 0.2ms)


Started GET "/assets/application-8b441ae0.css" for 127.0.0.1 at 2025-01-20 20:33:52 -0400
Started GET "/fathers/new" for 127.0.0.1 at 2025-01-20 20:33:54 -0400
Processing by FathersController#new as HTML
  Rendering layout layouts/application.html.erb
  Rendering fathers/new.html.erb within layouts/application
  Rendered fathers/_form.html.erb (Duration: 497.1ms | GC: 0.6ms)
  Rendered fathers/new.html.erb within layouts/application (Duration: 586.4ms | GC: 1.4ms)
  Rendered layout layouts/application.html.erb (Duration: 587.4ms | GC: 1.4ms)
Completed 200 OK in 708ms (Views: 588.3ms | ActiveRecord: 0.5ms (0 queries, 0 cached) | GC: 2.1ms)


Started POST "/fathers" for 127.0.0.1 at 2025-01-20 20:34:00 -0400
Processing by FathersController#create as HTML
  Parameters: {"authenticity_token"=>"[FILTERED]", "father"=>{"name"=>"jackson pires"}, "commit"=>"Create Father"}
  [1m[36mTRANSACTION (0.1ms)[0m  [1m[35mBEGIN immediate TRANSACTION /*action='create',application='Aula25',controller='fathers'*/[0m
  ↳ app/controllers/fathers_controller.rb:27:in `block in create'
  [1m[36mFather Create (1.0ms)[0m  [1m[32mINSERT INTO "fathers" ("name", "created_at", "updated_at") VALUES ('jackson pires', '2025-01-21 00:34:00.647877', '2025-01-21 00:34:00.647877') RETURNING "id" /*action='create',application='Aula25',controller='fathers'*/[0m
  ↳ app/controllers/fathers_controller.rb:27:in `block in create'
  [1m[36mTRANSACTION (204.8ms)[0m  [1m[35mCOMMIT TRANSACTION /*action='create',application='Aula25',controller='fathers'*/[0m
  ↳ app/controllers/fathers_controller.rb:27:in `block in create'
Redirected to http://localhost:3000/fathers/1
Completed 302 Found in 220ms (ActiveRecord: 205.8ms (1 query, 0 cached) | GC: 0.0ms)


Started GET "/fathers/1" for 127.0.0.1 at 2025-01-20 20:34:00 -0400
Processing by FathersController#show as HTML
  Parameters: {"id"=>"1"}
  [1m[36mFather Load (0.1ms)[0m  [1m[34mSELECT "fathers".* FROM "fathers" WHERE "fathers"."id" = 1 LIMIT 1 /*action='show',application='Aula25',controller='fathers'*/[0m
  ↳ app/controllers/fathers_controller.rb:63:in `set_father'
  Rendering layout layouts/application.html.erb
  Rendering fathers/show.html.erb within layouts/application
  Rendered fathers/_father.html.erb (Duration: 0.8ms | GC: 0.0ms)
  Rendered fathers/show.html.erb within layouts/application (Duration: 22.4ms | GC: 0.0ms)
  Rendered layout layouts/application.html.erb (Duration: 24.1ms | GC: 0.0ms)
Completed 200 OK in 52ms (Views: 24.7ms | ActiveRecord: 0.1ms (1 query, 0 cached) | GC: 0.0ms)


Started GET "/fathers" for 127.0.0.1 at 2025-01-20 20:34:12 -0400
Processing by FathersController#index as HTML
  Rendering layout layouts/application.html.erb
  Rendering fathers/index.html.erb within layouts/application
  [1m[36mFather Load (0.1ms)[0m  [1m[34mSELECT "fathers".* FROM "fathers" /*action='index',application='Aula25',controller='fathers'*/[0m
  ↳ app/views/fathers/index.html.erb:8
  Rendered fathers/_father.html.erb (Duration: 0.1ms | GC: 0.0ms)
  Rendered fathers/index.html.erb within layouts/application (Duration: 1.7ms | GC: 0.0ms)
  Rendered layout layouts/application.html.erb (Duration: 2.3ms | GC: 0.0ms)
Completed 200 OK in 8ms (Views: 2.5ms | ActiveRecord: 0.1ms (1 query, 0 cached) | GC: 0.0ms)


Started GET "/fathers/new" for 127.0.0.1 at 2025-01-20 20:34:14 -0400
Processing by FathersController#new as HTML
  Rendering layout layouts/application.html.erb
  Rendering fathers/new.html.erb within layouts/application
  Rendered fathers/_form.html.erb (Duration: 1.3ms | GC: 0.0ms)
  Rendered fathers/new.html.erb within layouts/application (Duration: 2.0ms | GC: 0.0ms)
  Rendered layout layouts/application.html.erb (Duration: 3.6ms | GC: 0.7ms)
Completed 200 OK in 12ms (Views: 4.4ms | ActiveRecord: 0.0ms (0 queries, 0 cached) | GC: 0.7ms)


Started POST "/fathers" for 127.0.0.1 at 2025-01-20 20:34:18 -0400
Processing by FathersController#create as HTML
  Parameters: {"authenticity_token"=>"[FILTERED]", "father"=>{"name"=>"jose ateneu"}, "commit"=>"Create Father"}
  [1m[36mTRANSACTION (0.1ms)[0m  [1m[35mBEGIN immediate TRANSACTION /*action='create',application='Aula25',controller='fathers'*/[0m
  ↳ app/controllers/fathers_controller.rb:27:in `block in create'
  [1m[36mFather Create (1.0ms)[0m  [1m[32mINSERT INTO "fathers" ("name", "created_at", "updated_at") VALUES ('jose ateneu', '2025-01-21 00:34:18.423041', '2025-01-21 00:34:18.423041') RETURNING "id" /*action='create',application='Aula25',controller='fathers'*/[0m
  ↳ app/controllers/fathers_controller.rb:27:in `block in create'
  [1m[36mTRANSACTION (0.1ms)[0m  [1m[35mCOMMIT TRANSACTION /*action='create',application='Aula25',controller='fathers'*/[0m
  ↳ app/controllers/fathers_controller.rb:27:in `block in create'
Redirected to http://localhost:3000/fathers/2
Completed 302 Found in 11ms (ActiveRecord: 1.1ms (1 query, 0 cached) | GC: 0.3ms)


Started GET "/fathers/2" for 127.0.0.1 at 2025-01-20 20:34:18 -0400
Processing by FathersController#show as HTML
  Parameters: {"id"=>"2"}
  [1m[36mFather Load (0.1ms)[0m  [1m[34mSELECT "fathers".* FROM "fathers" WHERE "fathers"."id" = 2 LIMIT 1 /*action='show',application='Aula25',controller='fathers'*/[0m
  ↳ app/controllers/fathers_controller.rb:63:in `set_father'
  Rendering layout layouts/application.html.erb
  Rendering fathers/show.html.erb within layouts/application
  Rendered fathers/_father.html.erb (Duration: 0.1ms | GC: 0.0ms)
  Rendered fathers/show.html.erb within layouts/application (Duration: 7.1ms | GC: 5.0ms)
  Rendered layout layouts/application.html.erb (Duration: 7.6ms | GC: 5.0ms)
Completed 200 OK in 16ms (Views: 8.0ms | ActiveRecord: 0.1ms (1 query, 0 cached) | GC: 7.4ms)


Started GET "/fathers" for 127.0.0.1 at 2025-01-20 20:34:21 -0400
Processing by FathersController#index as HTML
  Rendering layout layouts/application.html.erb
  Rendering fathers/index.html.erb within layouts/application
  [1m[36mFather Load (0.1ms)[0m  [1m[34mSELECT "fathers".* FROM "fathers" /*action='index',application='Aula25',controller='fathers'*/[0m
  ↳ app/views/fathers/index.html.erb:8
  Rendered fathers/_father.html.erb (Duration: 0.1ms | GC: 0.0ms)
  Rendered fathers/_father.html.erb (Duration: 0.1ms | GC: 0.0ms)
  Rendered fathers/index.html.erb within layouts/application (Duration: 9.4ms | GC: 6.5ms)
  Rendered layout layouts/application.html.erb (Duration: 11.9ms | GC: 8.2ms)
Completed 200 OK in 20ms (Views: 11.3ms | ActiveRecord: 1.0ms (1 query, 0 cached) | GC: 11.2ms)


Started GET "/children" for 127.0.0.1 at 2025-01-20 20:34:29 -0400
Processing by ChildrenController#index as HTML
  Rendering layout layouts/application.html.erb
  Rendering children/index.html.erb within layouts/application
  [1m[36mChild Load (0.2ms)[0m  [1m[34mSELECT "children".* FROM "children" /*action='index',application='Aula25',controller='children'*/[0m
  ↳ app/views/children/index.html.erb:8
  Rendered children/index.html.erb within layouts/application (Duration: 3.3ms | GC: 0.4ms)
  Rendered layout layouts/application.html.erb (Duration: 4.2ms | GC: 0.4ms)
Completed 200 OK in 30ms (Views: 4.7ms | ActiveRecord: 0.2ms (1 query, 0 cached) | GC: 0.4ms)


Started GET "/children/new" for 127.0.0.1 at 2025-01-20 20:34:32 -0400
Processing by ChildrenController#new as HTML
  Rendering layout layouts/application.html.erb
  Rendering children/new.html.erb within layouts/application
  Rendered children/_form.html.erb (Duration: 5.3ms | GC: 0.2ms)
  Rendered children/new.html.erb within layouts/application (Duration: 47.4ms | GC: 0.2ms)
  Rendered layout layouts/application.html.erb (Duration: 48.5ms | GC: 0.2ms)
Completed 200 OK in 246ms (Views: 49.2ms | ActiveRecord: 0.3ms (0 queries, 0 cached) | GC: 0.3ms)


Started GET "/children/new" for 127.0.0.1 at 2025-01-20 20:38:02 -0400
Processing by ChildrenController#new as HTML
  Rendering layout layouts/application.html.erb
  Rendering children/new.html.erb within layouts/application
  Rendered children/_form.html.erb (Duration: 1.8ms | GC: 0.0ms)
  Rendered children/new.html.erb within layouts/application (Duration: 2.7ms | GC: 0.0ms)
  Rendered layout layouts/application.html.erb (Duration: 3.6ms | GC: 0.0ms)
Completed 200 OK in 19ms (Views: 5.2ms | ActiveRecord: 1.4ms (0 queries, 0 cached) | GC: 0.0ms)


Started GET "/children/new" for 127.0.0.1 at 2025-01-20 20:39:40 -0400
Processing by ChildrenController#new as HTML
  Rendering layout layouts/application.html.erb
  Rendering children/new.html.erb within layouts/application
  Rendered children/_form.html.erb (Duration: 112.7ms | GC: 0.0ms)
  Rendered children/new.html.erb within layouts/application (Duration: 121.1ms | GC: 7.0ms)
  Rendered layout layouts/application.html.erb (Duration: 123.3ms | GC: 7.0ms)
Completed 200 OK in 135ms (Views: 124.6ms | ActiveRecord: 0.8ms (0 queries, 0 cached) | GC: 7.0ms)


Started GET "/children/new" for 127.0.0.1 at 2025-01-20 20:40:38 -0400
Processing by ChildrenController#new as HTML
  Rendering layout layouts/application.html.erb
  Rendering children/new.html.erb within layouts/application
  Rendered children/_form.html.erb (Duration: 2.0ms | GC: 0.0ms)
  Rendered children/new.html.erb within layouts/application (Duration: 2.5ms | GC: 0.0ms)
  Rendered layout layouts/application.html.erb (Duration: 3.3ms | GC: 0.1ms)
Completed 200 OK in 13ms (Views: 4.1ms | ActiveRecord: 0.7ms (0 queries, 0 cached) | GC: 0.2ms)


Started GET "/children/new" for 127.0.0.1 at 2025-01-20 20:40:56 -0400
Processing by ChildrenController#new as HTML
  Rendering layout layouts/application.html.erb
  Rendering children/new.html.erb within layouts/application
  Rendered children/_form.html.erb (Duration: 1.9ms | GC: 0.0ms)
  Rendered children/new.html.erb within layouts/application (Duration: 2.5ms | GC: 0.0ms)
  Rendered layout layouts/application.html.erb (Duration: 3.3ms | GC: 0.0ms)
Completed 200 OK in 16ms (Views: 4.3ms | ActiveRecord: 2.0ms (0 queries, 0 cached) | GC: 0.0ms)


Started GET "/children/new" for 127.0.0.1 at 2025-01-20 20:41:20 -0400
Processing by ChildrenController#new as HTML
  Rendering layout layouts/application.html.erb
  Rendering children/new.html.erb within layouts/application
  Rendered children/_form.html.erb (Duration: 1.8ms | GC: 0.0ms)
  Rendered children/new.html.erb within layouts/application (Duration: 2.4ms | GC: 0.0ms)
  Rendered layout layouts/application.html.erb (Duration: 3.2ms | GC: 0.0ms)
Completed 200 OK in 17ms (Views: 4.3ms | ActiveRecord: 0.9ms (0 queries, 0 cached) | GC: 0.3ms)


Started GET "/children/new" for 127.0.0.1 at 2025-01-20 20:42:14 -0400
Processing by ChildrenController#new as HTML
  Rendering layout layouts/application.html.erb
  Rendering children/new.html.erb within layouts/application
  Rendered children/_form.html.erb (Duration: 1.8ms | GC: 0.0ms)
  Rendered children/new.html.erb within layouts/application (Duration: 2.3ms | GC: 0.0ms)
  Rendered layout layouts/application.html.erb (Duration: 3.0ms | GC: 0.0ms)
Completed 200 OK in 14ms (Views: 3.8ms | ActiveRecord: 0.7ms (0 queries, 0 cached) | GC: 0.0ms)


Started GET "/children/new" for 127.0.0.1 at 2025-01-20 20:43:22 -0400
Processing by ChildrenController#new as HTML
  Rendering layout layouts/application.html.erb
  Rendering children/new.html.erb within layouts/application
  Rendered children/_form.html.erb (Duration: 2.5ms | GC: 0.0ms)
  Rendered children/new.html.erb within layouts/application (Duration: 3.5ms | GC: 0.0ms)
  Rendered layout layouts/application.html.erb (Duration: 4.3ms | GC: 0.0ms)
Completed 200 OK in 15ms (Views: 5.1ms | ActiveRecord: 0.7ms (0 queries, 0 cached) | GC: 0.2ms)


Started GET "/children/new" for 127.0.0.1 at 2025-01-20 20:43:56 -0400
Processing by ChildrenController#new as HTML
  Rendering layout layouts/application.html.erb
  Rendering children/new.html.erb within layouts/application
  Rendered children/_form.html.erb (Duration: 2.5ms | GC: 0.0ms)
  Rendered children/new.html.erb within layouts/application (Duration: 3.1ms | GC: 0.0ms)
  Rendered layout layouts/application.html.erb (Duration: 4.1ms | GC: 0.0ms)
Completed 200 OK in 11ms (Views: 4.7ms | ActiveRecord: 0.0ms (0 queries, 0 cached) | GC: 0.0ms)


Started GET "/children/new" for 127.0.0.1 at 2025-01-20 20:44:08 -0400
Processing by ChildrenController#new as HTML
  Rendering layout layouts/application.html.erb
  Rendering children/new.html.erb within layouts/application
  Rendered children/_form.html.erb (Duration: 1.7ms | GC: 0.0ms)
  Rendered children/new.html.erb within layouts/application (Duration: 2.2ms | GC: 0.0ms)
  Rendered layout layouts/application.html.erb (Duration: 2.9ms | GC: 0.0ms)
Completed 200 OK in 14ms (Views: 3.7ms | ActiveRecord: 0.8ms (0 queries, 0 cached) | GC: 0.0ms)


Started GET "/children" for 127.0.0.1 at 2025-01-20 20:50:35 -0400
Processing by ChildrenController#index as HTML
  Rendering layout layouts/application.html.erb
  Rendering children/index.html.erb within layouts/application
  [1m[36mChild Load (0.5ms)[0m  [1m[34mSELECT "children".* FROM "children" /*action='index',application='Aula25',controller='children'*/[0m
  ↳ app/views/children/index.html.erb:8
  Rendered children/index.html.erb within layouts/application (Duration: 1.9ms | GC: 0.0ms)
  Rendered layout layouts/application.html.erb (Duration: 2.9ms | GC: 0.0ms)
Completed 200 OK in 11ms (Views: 3.3ms | ActiveRecord: 0.5ms (1 query, 0 cached) | GC: 0.1ms)


Started GET "/children/new" for 127.0.0.1 at 2025-01-20 20:50:37 -0400
Processing by ChildrenController#new as HTML
  Rendering layout layouts/application.html.erb
  Rendering children/new.html.erb within layouts/application
  Rendered children/_form.html.erb (Duration: 229.7ms | GC: 0.0ms)
  Rendered children/new.html.erb within layouts/application (Duration: 230.7ms | GC: 0.0ms)
  Rendered layout layouts/application.html.erb (Duration: 231.1ms | GC: 0.0ms)
Completed 500 Internal Server Error in 243ms (ActiveRecord: 0.0ms (0 queries, 0 cached) | GC: 0.4ms)


  
ActionView::SyntaxErrorInTemplate (Encountered a syntax error while rendering template: check <%= form_with(model: child) do |form| %>
  <% if child.errors.any? %>
    <div style="color: red">
      <h2><%= pluralize(child.errors.count, "error") %> prohibited this child from being saved:</h2>

      <ul>
        <% child.errors.each do |error| %>
          <li><%= error.full_message %></li>
        <% end %>
      </ul>
    </div>
  <% end %>

  <div>
    <%= form.label :name, style: "display: block" %>
    <%= form.text_field :name %>
  </div>

  <div>
    <%= form.label :sex, style: "display: block" %>
    <%= form.text_field :sex %>
    <%= select(:child, :sex,options_for_select([['Masculino', 'M'], ['Feminino', 'F']])), {include_blank: true} %>
  </div>

  <div>
    <%= form.label :father_id, style: "display: block" %>
    <%= form.text_field :father_id %>
  </div>

  <div>
    <%= form.submit %>
  </div>
<% end %>

)
Caused by: ActiveSupport::SyntaxErrorProxy (/home/braga/ror-studies/aula25/app/views/children/_form.html.erb:22: syntax error, unexpected ',', expecting ')'
...o', 'M'], ['Feminino', 'F']])), {include_blank: true} ); @ou...
...                              ^
)

Information for: ActionView::SyntaxErrorInTemplate (Encountered a syntax error while rendering template: check <%= form_with(model: child) do |form| %>
  <% if child.errors.any? %>
    <div style="color: red">
      <h2><%= pluralize(child.errors.count, "error") %> prohibited this child from being saved:</h2>

      <ul>
        <% child.errors.each do |error| %>
          <li><%= error.full_message %></li>
        <% end %>
      </ul>
    </div>
  <% end %>

  <div>
    <%= form.label :name, style: "display: block" %>
    <%= form.text_field :name %>
  </div>

  <div>
    <%= form.label :sex, style: "display: block" %>
    <%= form.text_field :sex %>
    <%= select(:child, :sex,options_for_select([['Masculino', 'M'], ['Feminino', 'F']])), {include_blank: true} %>
  </div>

  <div>
    <%= form.label :father_id, style: "display: block" %>
    <%= form.text_field :father_id %>
  </div>

  <div>
    <%= form.submit %>
  </div>
<% end %>

):
1:    <%= form_with(model: child) do |form| %>
2:      <% if child.errors.any? %>
3:        <div style="color: red">
4:          <h2><%= pluralize(child.errors.count, "error") %> prohibited this child from being saved:</h2>
5:    
6:          <ul>
7:            <% child.errors.each do |error| %>
8:              <li><%= error.full_message %></li>
9:            <% end %>
10:          </ul>
11:        </div>
12:      <% end %>
13:    
14:      <div>
15:        <%= form.label :name, style: "display: block" %>
16:        <%= form.text_field :name %>
17:      </div>
18:    
19:      <div>
20:        <%= form.label :sex, style: "display: block" %>
21:        <%= form.text_field :sex %>
22:        <%= select(:child, :sex,options_for_select([['Masculino', 'M'], ['Feminino', 'F']])), {include_blank: true} %>
23:      </div>
24:    
25:      <div>
26:        <%= form.label :father_id, style: "display: block" %>
27:        <%= form.text_field :father_id %>
28:      </div>
29:    
30:      <div>
31:        <%= form.submit %>
32:      </div>
33:    <% end %>
  
app/views/children/_form.html.erb:22: syntax error, unexpected ',', expecting ')'
app/views/children/new.html.erb:5

Information for cause: ActiveSupport::SyntaxErrorProxy (/home/braga/ror-studies/aula25/app/views/children/_form.html.erb:22: syntax error, unexpected ',', expecting ')'
...o', 'M'], ['Feminino', 'F']])), {include_blank: true} ); @ou...
...                              ^
):
  
app/views/children/_form.html.erb:22: syntax error, unexpected ',', expecting ')'
app/views/children/new.html.erb:5
Started GET "/favicon.ico" for 127.0.0.1 at 2025-01-20 20:50:39 -0400
  
ActionController::RoutingError (No route matches [GET] "/favicon.ico"):
  
Started GET "/children/new" for 127.0.0.1 at 2025-01-20 20:51:46 -0400
Processing by ChildrenController#new as HTML
  Rendering layout layouts/application.html.erb
  Rendering children/new.html.erb within layouts/application
  Rendered children/_form.html.erb (Duration: 0.8ms | GC: 0.0ms)
  Rendered children/new.html.erb within layouts/application (Duration: 1.4ms | GC: 0.0ms)
  Rendered layout layouts/application.html.erb (Duration: 1.6ms | GC: 0.0ms)
Completed 500 Internal Server Error in 15ms (ActiveRecord: 0.7ms (0 queries, 0 cached) | GC: 2.3ms)


  
ActionView::SyntaxErrorInTemplate (Encountered a syntax error while rendering template: check <%= form_with(model: child) do |form| %>
  <% if child.errors.any? %>
    <div style="color: red">
      <h2><%= pluralize(child.errors.count, "error") %> prohibited this child from being saved:</h2>

      <ul>
        <% child.errors.each do |error| %>
          <li><%= error.full_message %></li>
        <% end %>
      </ul>
    </div>
  <% end %>

  <div>
    <%= form.label :name, style: "display: block" %>
    <%= form.text_field :name %>
  </div>

  <div>
    <%= form.label :sex, style: "display: block" %>
    <%= form.text_field :sex %>
    <%= select(:child, :sex,options_for_select([['Masculino', 'M'], ['Feminino', 'F']]), {include_blank: true} %>
  </div>

  <div>
    <%= form.label :father_id, style: "display: block" %>
    <%= form.text_field :father_id %>
  </div>

  <div>
    <%= form.submit %>
  </div>
<% end %>

)
Caused by: ActiveSupport::SyntaxErrorProxy (/home/braga/ror-studies/aula25/app/views/children/_form.html.erb:33: syntax error, unexpected `end', expecting ')'
'.freeze; end 
          ^~~
/home/braga/ror-studies/aula25/app/views/children/_form.html.erb:35: syntax error, unexpected `end', expecting ')'
          end
          ^~~
)

Information for: ActionView::SyntaxErrorInTemplate (Encountered a syntax error while rendering template: check <%= form_with(model: child) do |form| %>
  <% if child.errors.any? %>
    <div style="color: red">
      <h2><%= pluralize(child.errors.count, "error") %> prohibited this child from being saved:</h2>

      <ul>
        <% child.errors.each do |error| %>
          <li><%= error.full_message %></li>
        <% end %>
      </ul>
    </div>
  <% end %>

  <div>
    <%= form.label :name, style: "display: block" %>
    <%= form.text_field :name %>
  </div>

  <div>
    <%= form.label :sex, style: "display: block" %>
    <%= form.text_field :sex %>
    <%= select(:child, :sex,options_for_select([['Masculino', 'M'], ['Feminino', 'F']]), {include_blank: true} %>
  </div>

  <div>
    <%= form.label :father_id, style: "display: block" %>
    <%= form.text_field :father_id %>
  </div>

  <div>
    <%= form.submit %>
  </div>
<% end %>

):
1:    <%= form_with(model: child) do |form| %>
2:      <% if child.errors.any? %>
3:        <div style="color: red">
4:          <h2><%= pluralize(child.errors.count, "error") %> prohibited this child from being saved:</h2>
5:    
6:          <ul>
7:            <% child.errors.each do |error| %>
8:              <li><%= error.full_message %></li>
9:            <% end %>
10:          </ul>
11:        </div>
12:      <% end %>
13:    
14:      <div>
15:        <%= form.label :name, style: "display: block" %>
16:        <%= form.text_field :name %>
17:      </div>
18:    
19:      <div>
20:        <%= form.label :sex, style: "display: block" %>
21:        <%= form.text_field :sex %>
22:        <%= select(:child, :sex,options_for_select([['Masculino', 'M'], ['Feminino', 'F']]), {include_blank: true} %>
23:      </div>
24:    
25:      <div>
26:        <%= form.label :father_id, style: "display: block" %>
27:        <%= form.text_field :father_id %>
28:      </div>
29:    
30:      <div>
31:        <%= form.submit %>
32:      </div>
33:    <% end %>
  
app/views/children/_form.html.erb:33: syntax error, unexpected `end', expecting ')'
app/views/children/_form.html.erb:35: syntax error, unexpected `end', expecting ')'
app/views/children/new.html.erb:5

Information for cause: ActiveSupport::SyntaxErrorProxy (/home/braga/ror-studies/aula25/app/views/children/_form.html.erb:33: syntax error, unexpected `end', expecting ')'
'.freeze; end 
          ^~~
/home/braga/ror-studies/aula25/app/views/children/_form.html.erb:35: syntax error, unexpected `end', expecting ')'
          end
          ^~~
):
  
app/views/children/_form.html.erb:33: syntax error, unexpected `end', expecting ')'
app/views/children/_form.html.erb:35: syntax error, unexpected `end', expecting ')'
app/views/children/new.html.erb:5
Started GET "/favicon.ico" for 127.0.0.1 at 2025-01-20 20:51:47 -0400
  
ActionController::RoutingError (No route matches [GET] "/favicon.ico"):
  
Started GET "/children/new" for 127.0.0.1 at 2025-01-20 20:54:29 -0400
Processing by ChildrenController#new as HTML
  Rendering layout layouts/application.html.erb
  Rendering children/new.html.erb within layouts/application
  Rendered children/_form.html.erb (Duration: 0.5ms | GC: 0.0ms)
  Rendered children/new.html.erb within layouts/application (Duration: 1.0ms | GC: 0.0ms)
  Rendered layout layouts/application.html.erb (Duration: 1.1ms | GC: 0.0ms)
Completed 500 Internal Server Error in 12ms (ActiveRecord: 0.7ms (0 queries, 0 cached) | GC: 0.8ms)


  
ActionView::SyntaxErrorInTemplate (Encountered a syntax error while rendering template: check <%= form_with(model: child) do |form| %>
  <% if child.errors.any? %>
    <div style="color: red">
      <h2><%= pluralize(child.errors.count, "error") %> prohibited this child from being saved:</h2>

      <ul>
        <% child.errors.each do |error| %>
          <li><%= error.full_message %></li>
        <% end %>
      </ul>
    </div>
  <% end %>

  <div>
    <%= form.label :name, style: "display: block" %>
    <%= form.text_field :name %>
  </div>

  <div>
    <%= form.label :sex, style: "display: block" %>
    <%= form.text_field :sex %>
    <%= select(:child, :sex, options_for_select([['Masculino', 'M'], ['Feminino', 'F']]), {include_blank: true} %>
  </div>

  <div>
    <%= form.label :father_id, style: "display: block" %>
    <%= form.text_field :father_id %>
  </div>

  <div>
    <%= form.submit %>
  </div>
<% end %>

)
Caused by: ActiveSupport::SyntaxErrorProxy (/home/braga/ror-studies/aula25/app/views/children/_form.html.erb:33: syntax error, unexpected `end', expecting ')'
'.freeze; end 
          ^~~
/home/braga/ror-studies/aula25/app/views/children/_form.html.erb:35: syntax error, unexpected `end', expecting ')'
          end
          ^~~
)

Information for: ActionView::SyntaxErrorInTemplate (Encountered a syntax error while rendering template: check <%= form_with(model: child) do |form| %>
  <% if child.errors.any? %>
    <div style="color: red">
      <h2><%= pluralize(child.errors.count, "error") %> prohibited this child from being saved:</h2>

      <ul>
        <% child.errors.each do |error| %>
          <li><%= error.full_message %></li>
        <% end %>
      </ul>
    </div>
  <% end %>

  <div>
    <%= form.label :name, style: "display: block" %>
    <%= form.text_field :name %>
  </div>

  <div>
    <%= form.label :sex, style: "display: block" %>
    <%= form.text_field :sex %>
    <%= select(:child, :sex, options_for_select([['Masculino', 'M'], ['Feminino', 'F']]), {include_blank: true} %>
  </div>

  <div>
    <%= form.label :father_id, style: "display: block" %>
    <%= form.text_field :father_id %>
  </div>

  <div>
    <%= form.submit %>
  </div>
<% end %>

):
1:    <%= form_with(model: child) do |form| %>
2:      <% if child.errors.any? %>
3:        <div style="color: red">
4:          <h2><%= pluralize(child.errors.count, "error") %> prohibited this child from being saved:</h2>
5:    
6:          <ul>
7:            <% child.errors.each do |error| %>
8:              <li><%= error.full_message %></li>
9:            <% end %>
10:          </ul>
11:        </div>
12:      <% end %>
13:    
14:      <div>
15:        <%= form.label :name, style: "display: block" %>
16:        <%= form.text_field :name %>
17:      </div>
18:    
19:      <div>
20:        <%= form.label :sex, style: "display: block" %>
21:        <%= form.text_field :sex %>
22:        <%= select(:child, :sex, options_for_select([['Masculino', 'M'], ['Feminino', 'F']]), {include_blank: true} %>
23:      </div>
24:    
25:      <div>
26:        <%= form.label :father_id, style: "display: block" %>
27:        <%= form.text_field :father_id %>
28:      </div>
29:    
30:      <div>
31:        <%= form.submit %>
32:      </div>
33:    <% end %>
  
app/views/children/_form.html.erb:33: syntax error, unexpected `end', expecting ')'
app/views/children/_form.html.erb:35: syntax error, unexpected `end', expecting ')'
app/views/children/new.html.erb:5

Information for cause: ActiveSupport::SyntaxErrorProxy (/home/braga/ror-studies/aula25/app/views/children/_form.html.erb:33: syntax error, unexpected `end', expecting ')'
'.freeze; end 
          ^~~
/home/braga/ror-studies/aula25/app/views/children/_form.html.erb:35: syntax error, unexpected `end', expecting ')'
          end
          ^~~
):
  
app/views/children/_form.html.erb:33: syntax error, unexpected `end', expecting ')'
app/views/children/_form.html.erb:35: syntax error, unexpected `end', expecting ')'
app/views/children/new.html.erb:5
Started GET "/children/new" for 127.0.0.1 at 2025-01-20 20:57:11 -0400
Processing by ChildrenController#new as HTML
  Rendering layout layouts/application.html.erb
  Rendering children/new.html.erb within layouts/application
  Rendered children/_form.html.erb (Duration: 0.8ms | GC: 0.0ms)
  Rendered children/new.html.erb within layouts/application (Duration: 2.0ms | GC: 0.0ms)
  Rendered layout layouts/application.html.erb (Duration: 2.4ms | GC: 0.0ms)
Completed 500 Internal Server Error in 21ms (ActiveRecord: 1.8ms (0 queries, 0 cached) | GC: 0.0ms)


  
ActionView::SyntaxErrorInTemplate (Encountered a syntax error while rendering template: check <%= form_with(model: child) do |form| %>
  <% if child.errors.any? %>
    <div style="color: red">
      <h2><%= pluralize(child.errors.count, "error") %> prohibited this child from being saved:</h2>

      <ul>
        <% child.errors.each do |error| %>
          <li><%= error.full_message %></li>
        <% end %>
      </ul>
    </div>
  <% end %>

  <div>
    <%= form.label :name, style: "display: block" %>
    <%= form.text_field :name %>
  </div>

  <div>
    <%= form.label :sex, style: "display: block" %>
    <%= form.text_field :sex %>
    <%= select(:child, :sex,  options_for_select([['Masculino', 'M'], ['Feminino', 'F']]), {include_blank: true} %>
  </div>

  <div>
    <%= form.label :father_id, style: "display: block" %>
    <%= form.text_field :father_id %>
  </div>

  <div>
    <%= form.submit %>
  </div>
<% end %>

)
Caused by: ActiveSupport::SyntaxErrorProxy (/home/braga/ror-studies/aula25/app/views/children/_form.html.erb:33: syntax error, unexpected `end', expecting ')'
'.freeze; end 
          ^~~
/home/braga/ror-studies/aula25/app/views/children/_form.html.erb:35: syntax error, unexpected `end', expecting ')'
          end
          ^~~
)

Information for: ActionView::SyntaxErrorInTemplate (Encountered a syntax error while rendering template: check <%= form_with(model: child) do |form| %>
  <% if child.errors.any? %>
    <div style="color: red">
      <h2><%= pluralize(child.errors.count, "error") %> prohibited this child from being saved:</h2>

      <ul>
        <% child.errors.each do |error| %>
          <li><%= error.full_message %></li>
        <% end %>
      </ul>
    </div>
  <% end %>

  <div>
    <%= form.label :name, style: "display: block" %>
    <%= form.text_field :name %>
  </div>

  <div>
    <%= form.label :sex, style: "display: block" %>
    <%= form.text_field :sex %>
    <%= select(:child, :sex,  options_for_select([['Masculino', 'M'], ['Feminino', 'F']]), {include_blank: true} %>
  </div>

  <div>
    <%= form.label :father_id, style: "display: block" %>
    <%= form.text_field :father_id %>
  </div>

  <div>
    <%= form.submit %>
  </div>
<% end %>

):
1:    <%= form_with(model: child) do |form| %>
2:      <% if child.errors.any? %>
3:        <div style="color: red">
4:          <h2><%= pluralize(child.errors.count, "error") %> prohibited this child from being saved:</h2>
5:    
6:          <ul>
7:            <% child.errors.each do |error| %>
8:              <li><%= error.full_message %></li>
9:            <% end %>
10:          </ul>
11:        </div>
12:      <% end %>
13:    
14:      <div>
15:        <%= form.label :name, style: "display: block" %>
16:        <%= form.text_field :name %>
17:      </div>
18:    
19:      <div>
20:        <%= form.label :sex, style: "display: block" %>
21:        <%= form.text_field :sex %>
22:        <%= select(:child, :sex,  options_for_select([['Masculino', 'M'], ['Feminino', 'F']]), {include_blank: true} %>
23:      </div>
24:    
25:      <div>
26:        <%= form.label :father_id, style: "display: block" %>
27:        <%= form.text_field :father_id %>
28:      </div>
29:    
30:      <div>
31:        <%= form.submit %>
32:      </div>
33:    <% end %>
  
app/views/children/_form.html.erb:33: syntax error, unexpected `end', expecting ')'
app/views/children/_form.html.erb:35: syntax error, unexpected `end', expecting ')'
app/views/children/new.html.erb:5

Information for cause: ActiveSupport::SyntaxErrorProxy (/home/braga/ror-studies/aula25/app/views/children/_form.html.erb:33: syntax error, unexpected `end', expecting ')'
'.freeze; end 
          ^~~
/home/braga/ror-studies/aula25/app/views/children/_form.html.erb:35: syntax error, unexpected `end', expecting ')'
          end
          ^~~
):
  
app/views/children/_form.html.erb:33: syntax error, unexpected `end', expecting ')'
app/views/children/_form.html.erb:35: syntax error, unexpected `end', expecting ')'
app/views/children/new.html.erb:5
Started GET "/favicon.ico" for 127.0.0.1 at 2025-01-20 20:57:12 -0400
  
ActionController::RoutingError (No route matches [GET] "/favicon.ico"):
  
Started GET "/children/new" for 127.0.0.1 at 2025-01-20 20:59:28 -0400
Processing by ChildrenController#new as HTML
  Rendering layout layouts/application.html.erb
  Rendering children/new.html.erb within layouts/application
  Rendered children/_form.html.erb (Duration: 0.8ms | GC: 0.0ms)
  Rendered children/new.html.erb within layouts/application (Duration: 1.5ms | GC: 0.0ms)
  Rendered layout layouts/application.html.erb (Duration: 1.7ms | GC: 0.0ms)
Completed 500 Internal Server Error in 17ms (ActiveRecord: 1.0ms (0 queries, 0 cached) | GC: 0.1ms)


  
ActionView::SyntaxErrorInTemplate (Encountered a syntax error while rendering template: check <%= form_with(model: child) do |form| %>
  <% if child.errors.any? %>
    <div style="color: red">
      <h2><%= pluralize(child.errors.count, "error") %> prohibited this child from being saved:</h2>

      <ul>
        <% child.errors.each do |error| %>
          <li><%= error.full_message %></li>
        <% end %>
      </ul>
    </div>
  <% end %>

  <div>
    <%= form.label :name, style: "display: block" %>
    <%= form.text_field :name %>
  </div>

  <div>
    <%= form.label :sex %>
    <%= form.text_field :sex %>
    <%= select(:child, :sex,  options_for_select([['Masculino', 'M'], ['Feminino', 'F']]), {include_blank: true} %>
  </div>

  <div>
    <%= form.label :father_id, style: "display: block" %>
    <%= form.text_field :father_id %>
  </div>

  <div>
    <%= form.submit %>
  </div>
<% end %>

)
Caused by: ActiveSupport::SyntaxErrorProxy (/home/braga/ror-studies/aula25/app/views/children/_form.html.erb:33: syntax error, unexpected `end', expecting ')'
'.freeze; end 
          ^~~
/home/braga/ror-studies/aula25/app/views/children/_form.html.erb:35: syntax error, unexpected `end', expecting ')'
          end
          ^~~
)

Information for: ActionView::SyntaxErrorInTemplate (Encountered a syntax error while rendering template: check <%= form_with(model: child) do |form| %>
  <% if child.errors.any? %>
    <div style="color: red">
      <h2><%= pluralize(child.errors.count, "error") %> prohibited this child from being saved:</h2>

      <ul>
        <% child.errors.each do |error| %>
          <li><%= error.full_message %></li>
        <% end %>
      </ul>
    </div>
  <% end %>

  <div>
    <%= form.label :name, style: "display: block" %>
    <%= form.text_field :name %>
  </div>

  <div>
    <%= form.label :sex %>
    <%= form.text_field :sex %>
    <%= select(:child, :sex,  options_for_select([['Masculino', 'M'], ['Feminino', 'F']]), {include_blank: true} %>
  </div>

  <div>
    <%= form.label :father_id, style: "display: block" %>
    <%= form.text_field :father_id %>
  </div>

  <div>
    <%= form.submit %>
  </div>
<% end %>

):
1:    <%= form_with(model: child) do |form| %>
2:      <% if child.errors.any? %>
3:        <div style="color: red">
4:          <h2><%= pluralize(child.errors.count, "error") %> prohibited this child from being saved:</h2>
5:    
6:          <ul>
7:            <% child.errors.each do |error| %>
8:              <li><%= error.full_message %></li>
9:            <% end %>
10:          </ul>
11:        </div>
12:      <% end %>
13:    
14:      <div>
15:        <%= form.label :name, style: "display: block" %>
16:        <%= form.text_field :name %>
17:      </div>
18:    
19:      <div>
20:        <%= form.label :sex %>
21:        <%= form.text_field :sex %>
22:        <%= select(:child, :sex,  options_for_select([['Masculino', 'M'], ['Feminino', 'F']]), {include_blank: true} %>
23:      </div>
24:    
25:      <div>
26:        <%= form.label :father_id, style: "display: block" %>
27:        <%= form.text_field :father_id %>
28:      </div>
29:    
30:      <div>
31:        <%= form.submit %>
32:      </div>
33:    <% end %>
  
app/views/children/_form.html.erb:33: syntax error, unexpected `end', expecting ')'
app/views/children/_form.html.erb:35: syntax error, unexpected `end', expecting ')'
app/views/children/new.html.erb:5

Information for cause: ActiveSupport::SyntaxErrorProxy (/home/braga/ror-studies/aula25/app/views/children/_form.html.erb:33: syntax error, unexpected `end', expecting ')'
'.freeze; end 
          ^~~
/home/braga/ror-studies/aula25/app/views/children/_form.html.erb:35: syntax error, unexpected `end', expecting ')'
          end
          ^~~
):
  
app/views/children/_form.html.erb:33: syntax error, unexpected `end', expecting ')'
app/views/children/_form.html.erb:35: syntax error, unexpected `end', expecting ')'
app/views/children/new.html.erb:5
Started GET "/children/new" for 127.0.0.1 at 2025-01-20 21:01:09 -0400
Processing by ChildrenController#new as HTML
  Rendering layout layouts/application.html.erb
  Rendering children/new.html.erb within layouts/application
  Rendered children/_form.html.erb (Duration: 0.8ms | GC: 0.0ms)
  Rendered children/new.html.erb within layouts/application (Duration: 1.9ms | GC: 0.0ms)
  Rendered layout layouts/application.html.erb (Duration: 2.1ms | GC: 0.0ms)
Completed 500 Internal Server Error in 12ms (ActiveRecord: 0.8ms (0 queries, 0 cached) | GC: 0.1ms)


  
ActionView::SyntaxErrorInTemplate (Encountered a syntax error while rendering template: check <%= form_with(model: child) do |form| %>
  <% if child.errors.any? %>
    <div style="color: red">
      <h2><%= pluralize(child.errors.count, "error") %> prohibited this child from being saved:</h2>

      <ul>
        <% child.errors.each do |error| %>
          <li><%= error.full_message %></li>
        <% end %>
      </ul>
    </div>
  <% end %>

  <div>
    <%= form.label :name, style: "display: block" %>
    <%= form.text_field :name %>
  </div>

  <div>
    <%= form.label :sex %>
    <%= form.text_field :sex %>
    <%= select(:child, :sex,  options_for_select([["Masculino", "M"], ["Feminino", "F"]]), {include_blank: true} %>
  </div>

  <div>
    <%= form.label :father_id, style: "display: block" %>
    <%= form.text_field :father_id %>
  </div>

  <div>
    <%= form.submit %>
  </div>
<% end %>

)
Caused by: ActiveSupport::SyntaxErrorProxy (/home/braga/ror-studies/aula25/app/views/children/_form.html.erb:33: syntax error, unexpected `end', expecting ')'
'.freeze; end 
          ^~~
/home/braga/ror-studies/aula25/app/views/children/_form.html.erb:35: syntax error, unexpected `end', expecting ')'
          end
          ^~~
)

Information for: ActionView::SyntaxErrorInTemplate (Encountered a syntax error while rendering template: check <%= form_with(model: child) do |form| %>
  <% if child.errors.any? %>
    <div style="color: red">
      <h2><%= pluralize(child.errors.count, "error") %> prohibited this child from being saved:</h2>

      <ul>
        <% child.errors.each do |error| %>
          <li><%= error.full_message %></li>
        <% end %>
      </ul>
    </div>
  <% end %>

  <div>
    <%= form.label :name, style: "display: block" %>
    <%= form.text_field :name %>
  </div>

  <div>
    <%= form.label :sex %>
    <%= form.text_field :sex %>
    <%= select(:child, :sex,  options_for_select([["Masculino", "M"], ["Feminino", "F"]]), {include_blank: true} %>
  </div>

  <div>
    <%= form.label :father_id, style: "display: block" %>
    <%= form.text_field :father_id %>
  </div>

  <div>
    <%= form.submit %>
  </div>
<% end %>

):
1:    <%= form_with(model: child) do |form| %>
2:      <% if child.errors.any? %>
3:        <div style="color: red">
4:          <h2><%= pluralize(child.errors.count, "error") %> prohibited this child from being saved:</h2>
5:    
6:          <ul>
7:            <% child.errors.each do |error| %>
8:              <li><%= error.full_message %></li>
9:            <% end %>
10:          </ul>
11:        </div>
12:      <% end %>
13:    
14:      <div>
15:        <%= form.label :name, style: "display: block" %>
16:        <%= form.text_field :name %>
17:      </div>
18:    
19:      <div>
20:        <%= form.label :sex %>
21:        <%= form.text_field :sex %>
22:        <%= select(:child, :sex,  options_for_select([["Masculino", "M"], ["Feminino", "F"]]), {include_blank: true} %>
23:      </div>
24:    
25:      <div>
26:        <%= form.label :father_id, style: "display: block" %>
27:        <%= form.text_field :father_id %>
28:      </div>
29:    
30:      <div>
31:        <%= form.submit %>
32:      </div>
33:    <% end %>
  
app/views/children/_form.html.erb:33: syntax error, unexpected `end', expecting ')'
app/views/children/_form.html.erb:35: syntax error, unexpected `end', expecting ')'
app/views/children/new.html.erb:5

Information for cause: ActiveSupport::SyntaxErrorProxy (/home/braga/ror-studies/aula25/app/views/children/_form.html.erb:33: syntax error, unexpected `end', expecting ')'
'.freeze; end 
          ^~~
/home/braga/ror-studies/aula25/app/views/children/_form.html.erb:35: syntax error, unexpected `end', expecting ')'
          end
          ^~~
):
  
app/views/children/_form.html.erb:33: syntax error, unexpected `end', expecting ')'
app/views/children/_form.html.erb:35: syntax error, unexpected `end', expecting ')'
app/views/children/new.html.erb:5
Started GET "/children/new" for 127.0.0.1 at 2025-01-20 21:03:40 -0400
Processing by ChildrenController#new as HTML
  Rendering layout layouts/application.html.erb
  Rendering children/new.html.erb within layouts/application
  Rendered children/_form.html.erb (Duration: 1.6ms | GC: 0.0ms)
  Rendered children/new.html.erb within layouts/application (Duration: 2.1ms | GC: 0.0ms)
  Rendered layout layouts/application.html.erb (Duration: 2.8ms | GC: 0.0ms)
Completed 200 OK in 15ms (Views: 3.6ms | ActiveRecord: 0.8ms (0 queries, 0 cached) | GC: 0.0ms)


Started GET "/children/new" for 127.0.0.1 at 2025-01-20 21:06:45 -0400
Processing by ChildrenController#new as HTML
  Rendering layout layouts/application.html.erb
  Rendering children/new.html.erb within layouts/application
  Rendered children/_form.html.erb (Duration: 0.6ms | GC: 0.0ms)
  Rendered children/new.html.erb within layouts/application (Duration: 1.2ms | GC: 0.0ms)
  Rendered layout layouts/application.html.erb (Duration: 1.4ms | GC: 0.0ms)
Completed 500 Internal Server Error in 12ms (ActiveRecord: 0.7ms (0 queries, 0 cached) | GC: 0.1ms)


  
ActionView::SyntaxErrorInTemplate (Encountered a syntax error while rendering template: check <%= form_with(model: child) do |form| %>
  <% if child.errors.any? %>
    <div style="color: red">
      <h2><%= pluralize(child.errors.count, "error") %> prohibited this child from being saved:</h2>

      <ul>
        <% child.errors.each do |error| %>
          <li><%= error.full_message %></li>
        <% end %>
      </ul>
    </div>
  <% end %>

  <div>
    <%= form.label :name, style: "display: block" %>
    <%= form.text_field :name %>
  </div>

  <div>
    <%= form.label :sex %>
    <%= form.text_field :sex %>
    <%= select(:child, :sex,  options_for_select([["Masculino", "M"], ["Feminino", "F"]]), {include_blank: true}) %>
  </div>

  <div>
    <%= form.label :father_id, style: "display: block" %>
    <%= f.collection_select(:father_id, Father.all, :id, :name, { disabled: -> (Father) { Father.archived? } }) %>
  </div>

  <div>
    <%= form.submit %>
  </div>
<% end %>

)
Caused by: ActiveSupport::SyntaxErrorProxy (/home/braga/ror-studies/aula25/app/views/children/_form.html.erb:27: formal argument cannot be a constant
..., :name, { disabled: -> (Father) { Father.archived? } }) ); ...
...                         ^~~~~~
)

Information for: ActionView::SyntaxErrorInTemplate (Encountered a syntax error while rendering template: check <%= form_with(model: child) do |form| %>
  <% if child.errors.any? %>
    <div style="color: red">
      <h2><%= pluralize(child.errors.count, "error") %> prohibited this child from being saved:</h2>

      <ul>
        <% child.errors.each do |error| %>
          <li><%= error.full_message %></li>
        <% end %>
      </ul>
    </div>
  <% end %>

  <div>
    <%= form.label :name, style: "display: block" %>
    <%= form.text_field :name %>
  </div>

  <div>
    <%= form.label :sex %>
    <%= form.text_field :sex %>
    <%= select(:child, :sex,  options_for_select([["Masculino", "M"], ["Feminino", "F"]]), {include_blank: true}) %>
  </div>

  <div>
    <%= form.label :father_id, style: "display: block" %>
    <%= f.collection_select(:father_id, Father.all, :id, :name, { disabled: -> (Father) { Father.archived? } }) %>
  </div>

  <div>
    <%= form.submit %>
  </div>
<% end %>

):
1:    <%= form_with(model: child) do |form| %>
2:      <% if child.errors.any? %>
3:        <div style="color: red">
4:          <h2><%= pluralize(child.errors.count, "error") %> prohibited this child from being saved:</h2>
5:    
6:          <ul>
7:            <% child.errors.each do |error| %>
8:              <li><%= error.full_message %></li>
9:            <% end %>
10:          </ul>
11:        </div>
12:      <% end %>
13:    
14:      <div>
15:        <%= form.label :name, style: "display: block" %>
16:        <%= form.text_field :name %>
17:      </div>
18:    
19:      <div>
20:        <%= form.label :sex %>
21:        <%= form.text_field :sex %>
22:        <%= select(:child, :sex,  options_for_select([["Masculino", "M"], ["Feminino", "F"]]), {include_blank: true}) %>
23:      </div>
24:    
25:      <div>
26:        <%= form.label :father_id, style: "display: block" %>
27:        <%= f.collection_select(:father_id, Father.all, :id, :name, { disabled: -> (Father) { Father.archived? } }) %>
28:      </div>
29:    
30:      <div>
31:        <%= form.submit %>
32:      </div>
33:    <% end %>
  
app/views/children/_form.html.erb:27: formal argument cannot be a constant
app/views/children/new.html.erb:5

Information for cause: ActiveSupport::SyntaxErrorProxy (/home/braga/ror-studies/aula25/app/views/children/_form.html.erb:27: formal argument cannot be a constant
..., :name, { disabled: -> (Father) { Father.archived? } }) ); ...
...                         ^~~~~~
):
  
app/views/children/_form.html.erb:27: formal argument cannot be a constant
app/views/children/new.html.erb:5
Started GET "/children/new" for 127.0.0.1 at 2025-01-20 21:08:11 -0400
Processing by ChildrenController#new as HTML
  Rendering layout layouts/application.html.erb
  Rendering children/new.html.erb within layouts/application
  Rendered children/_form.html.erb (Duration: 2.9ms | GC: 0.4ms)
  Rendered children/new.html.erb within layouts/application (Duration: 4.3ms | GC: 0.4ms)
  Rendered layout layouts/application.html.erb (Duration: 4.7ms | GC: 0.4ms)
Completed 500 Internal Server Error in 22ms (ActiveRecord: 1.0ms (0 queries, 0 cached) | GC: 3.3ms)


  
ActionView::Template::Error (undefined local variable or method `f' for an instance of #<Class:0x00007feedf797130>)
Caused by: NameError (undefined local variable or method `f' for an instance of #<Class:0x00007feedf797130>)

Information for: ActionView::Template::Error (undefined local variable or method `f' for an instance of #<Class:0x00007feedf797130>):
    24: 
    25:   <div>
    26:     <%= form.label :father_id, style: "display: block" %>
    27:     <%= f.collection_select(:father_id, Father.all, :id, :name) %>
    28:   </div>
    29: 
    30:   <div>
  
app/views/children/_form.html.erb:27
app/views/children/_form.html.erb:1
app/views/children/new.html.erb:5

Information for cause: NameError (undefined local variable or method `f' for an instance of #<Class:0x00007feedf797130>):
  
app/views/children/_form.html.erb:27
app/views/children/_form.html.erb:1
app/views/children/new.html.erb:5
Started GET "/children/new" for 127.0.0.1 at 2025-01-20 21:08:37 -0400
Processing by ChildrenController#new as HTML
  Rendering layout layouts/application.html.erb
  Rendering children/new.html.erb within layouts/application
  Rendered children/_form.html.erb (Duration: 1.8ms | GC: 0.2ms)
  Rendered children/new.html.erb within layouts/application (Duration: 2.3ms | GC: 0.2ms)
  Rendered layout layouts/application.html.erb (Duration: 2.4ms | GC: 0.2ms)
Completed 500 Internal Server Error in 14ms (ActiveRecord: 0.7ms (0 queries, 0 cached) | GC: 0.7ms)


  
ActionView::Template::Error (undefined local variable or method `f' for an instance of #<Class:0x00007feedf11b900>)
Caused by: NameError (undefined local variable or method `f' for an instance of #<Class:0x00007feedf11b900>)

Information for: ActionView::Template::Error (undefined local variable or method `f' for an instance of #<Class:0x00007feedf11b900>):
    24: 
    25:   <div>
    26:     <%= form.label :father_id, style: "display: block" %>
    27:     <%= f.collection_select(:father_id, Father.all, :id, :name, prompt: true) %>
    28:   </div>
    29: 
    30:   <div>
  
app/views/children/_form.html.erb:27
app/views/children/_form.html.erb:1
app/views/children/new.html.erb:5

Information for cause: NameError (undefined local variable or method `f' for an instance of #<Class:0x00007feedf11b900>):
  
app/views/children/_form.html.erb:27
app/views/children/_form.html.erb:1
app/views/children/new.html.erb:5
Started GET "/children/new" for 127.0.0.1 at 2025-01-20 21:13:23 -0400
Processing by ChildrenController#new as HTML
  Rendering layout layouts/application.html.erb
  Rendering children/new.html.erb within layouts/application
  [1m[36mFather Load (0.3ms)[0m  [1m[34mSELECT "fathers".* FROM "fathers" /*action='new',application='Aula25',controller='children'*/[0m
  ↳ app/views/children/_form.html.erb:27
  Rendered children/_form.html.erb (Duration: 149.0ms | GC: 0.0ms)
  Rendered children/new.html.erb within layouts/application (Duration: 149.7ms | GC: 0.0ms)
  Rendered layout layouts/application.html.erb (Duration: 150.9ms | GC: 0.0ms)
Completed 200 OK in 162ms (Views: 150.6ms | ActiveRecord: 1.8ms (1 query, 0 cached) | GC: 0.0ms)


Started GET "/children/new" for 127.0.0.1 at 2025-01-20 21:14:45 -0400
Processing by ChildrenController#new as HTML
  Rendering layout layouts/application.html.erb
  Rendering children/new.html.erb within layouts/application
  [1m[36mFather Load (0.2ms)[0m  [1m[34mSELECT "fathers".* FROM "fathers" /*action='new',application='Aula25',controller='children'*/[0m
  ↳ app/views/children/_form.html.erb:27
  Rendered children/_form.html.erb (Duration: 10.2ms | GC: 0.2ms)
  Rendered children/new.html.erb within layouts/application (Duration: 11.5ms | GC: 0.2ms)
  Rendered layout layouts/application.html.erb (Duration: 12.8ms | GC: 0.2ms)
Completed 200 OK in 28ms (Views: 14.2ms | ActiveRecord: 1.5ms (1 query, 0 cached) | GC: 0.5ms)


Started POST "/children" for 127.0.0.1 at 2025-01-20 21:15:08 -0400
Processing by ChildrenController#create as HTML
  Parameters: {"authenticity_token"=>"[FILTERED]", "child"=>{"name"=>"jailson", "sex"=>"M", "father_id"=>"1"}, "commit"=>"Create Child"}
  [1m[36mTRANSACTION (0.1ms)[0m  [1m[35mBEGIN immediate TRANSACTION /*action='create',application='Aula25',controller='children'*/[0m
  ↳ app/controllers/children_controller.rb:27:in `block in create'
  [1m[36mFather Load (2.1ms)[0m  [1m[34mSELECT "fathers".* FROM "fathers" WHERE "fathers"."id" = 1 LIMIT 1 /*action='create',application='Aula25',controller='children'*/[0m
  ↳ app/controllers/children_controller.rb:27:in `block in create'
  [1m[36mChild Create (0.3ms)[0m  [1m[32mINSERT INTO "children" ("name", "sex", "father_id", "created_at", "updated_at") VALUES ('jailson', 'M', 1, '2025-01-21 01:15:09.442851', '2025-01-21 01:15:09.442851') RETURNING "id" /*action='create',application='Aula25',controller='children'*/[0m
  ↳ app/controllers/children_controller.rb:27:in `block in create'
  [1m[36mTRANSACTION (116.1ms)[0m  [1m[35mCOMMIT TRANSACTION /*action='create',application='Aula25',controller='children'*/[0m
  ↳ app/controllers/children_controller.rb:27:in `block in create'
Redirected to http://localhost:3000/children/1
Completed 302 Found in 587ms (ActiveRecord: 118.4ms (2 queries, 0 cached) | GC: 0.6ms)


Started GET "/children/1" for 127.0.0.1 at 2025-01-20 21:15:09 -0400
Processing by ChildrenController#show as HTML
  Parameters: {"id"=>"1"}
  [1m[36mChild Load (0.1ms)[0m  [1m[34mSELECT "children".* FROM "children" WHERE "children"."id" = 1 LIMIT 1 /*action='show',application='Aula25',controller='children'*/[0m
  ↳ app/controllers/children_controller.rb:63:in `set_child'
  Rendering layout layouts/application.html.erb
  Rendering children/show.html.erb within layouts/application
  Rendered children/_child.html.erb (Duration: 0.5ms | GC: 0.0ms)
  Rendered children/show.html.erb within layouts/application (Duration: 4.0ms | GC: 0.0ms)
  Rendered layout layouts/application.html.erb (Duration: 4.8ms | GC: 0.0ms)
Completed 200 OK in 33ms (Views: 5.4ms | ActiveRecord: 0.1ms (1 query, 0 cached) | GC: 0.6ms)


Started GET "/children/1" for 127.0.0.1 at 2025-01-20 21:16:03 -0400
Processing by ChildrenController#show as HTML
  Parameters: {"id"=>"1"}
  [1m[36mChild Load (0.1ms)[0m  [1m[34mSELECT "children".* FROM "children" WHERE "children"."id" = 1 LIMIT 1 /*action='show',application='Aula25',controller='children'*/[0m
  ↳ app/controllers/children_controller.rb:63:in `set_child'
  Rendering layout layouts/application.html.erb
  Rendering children/show.html.erb within layouts/application
  [1m[36mFather Load (0.1ms)[0m  [1m[34mSELECT "fathers".* FROM "fathers" WHERE "fathers"."id" = 1 LIMIT 1 /*action='show',application='Aula25',controller='children'*/[0m
  ↳ app/views/children/_child.html.erb:14
  Rendered children/_child.html.erb (Duration: 5.9ms | GC: 0.9ms)
  Rendered children/show.html.erb within layouts/application (Duration: 7.3ms | GC: 0.9ms)
  Rendered layout layouts/application.html.erb (Duration: 9.0ms | GC: 0.9ms)
Completed 200 OK in 27ms (Views: 9.7ms | ActiveRecord: 1.2ms (2 queries, 0 cached) | GC: 5.3ms)


Started GET "/children" for 127.0.0.1 at 2025-01-20 21:16:06 -0400
Processing by ChildrenController#index as HTML
  Rendering layout layouts/application.html.erb
  Rendering children/index.html.erb within layouts/application
  [1m[36mChild Load (0.1ms)[0m  [1m[34mSELECT "children".* FROM "children" /*action='index',application='Aula25',controller='children'*/[0m
  ↳ app/views/children/index.html.erb:8
  [1m[36mFather Load (0.1ms)[0m  [1m[34mSELECT "fathers".* FROM "fathers" WHERE "fathers"."id" = 1 LIMIT 1 /*action='index',application='Aula25',controller='children'*/[0m
  ↳ app/views/children/_child.html.erb:14
  Rendered children/_child.html.erb (Duration: 1.1ms | GC: 0.0ms)
  Rendered children/index.html.erb within layouts/application (Duration: 3.8ms | GC: 0.5ms)
  Rendered layout layouts/application.html.erb (Duration: 4.4ms | GC: 0.5ms)
Completed 200 OK in 14ms (Views: 5.2ms | ActiveRecord: 0.2ms (2 queries, 0 cached) | GC: 0.5ms)


Started GET "/children/new" for 127.0.0.1 at 2025-01-20 21:16:31 -0400
Processing by ChildrenController#new as HTML
  Rendering layout layouts/application.html.erb
  Rendering children/new.html.erb within layouts/application
  [1m[36mFather Load (0.2ms)[0m  [1m[34mSELECT "fathers".* FROM "fathers" /*action='new',application='Aula25',controller='children'*/[0m
  ↳ app/views/children/_form.html.erb:27
  Rendered children/_form.html.erb (Duration: 3.5ms | GC: 0.5ms)
  Rendered children/new.html.erb within layouts/application (Duration: 4.1ms | GC: 0.5ms)
  Rendered layout layouts/application.html.erb (Duration: 4.5ms | GC: 0.5ms)
Completed 200 OK in 13ms (Views: 4.7ms | ActiveRecord: 0.2ms (1 query, 0 cached) | GC: 0.5ms)


Started GET "/children/new" for 127.0.0.1 at 2025-01-20 21:17:05 -0400
Processing by ChildrenController#new as HTML
  Rendering layout layouts/application.html.erb
  Rendering children/new.html.erb within layouts/application
  [1m[36mFather Load (0.1ms)[0m  [1m[34mSELECT "fathers".* FROM "fathers" /*action='new',application='Aula25',controller='children'*/[0m
  ↳ app/views/children/_form.html.erb:26
  Rendered children/_form.html.erb (Duration: 6.4ms | GC: 0.0ms)
  Rendered children/new.html.erb within layouts/application (Duration: 7.0ms | GC: 0.0ms)
  Rendered layout layouts/application.html.erb (Duration: 7.7ms | GC: 0.0ms)
Completed 200 OK in 18ms (Views: 8.2ms | ActiveRecord: 1.0ms (1 query, 0 cached) | GC: 0.9ms)


Started GET "/children/new" for 127.0.0.1 at 2025-01-20 21:17:37 -0400
Processing by ChildrenController#new as HTML
  Rendering layout layouts/application.html.erb
  Rendering children/new.html.erb within layouts/application
  [1m[36mFather Load (0.4ms)[0m  [1m[34mSELECT "fathers".* FROM "fathers" /*action='new',application='Aula25',controller='children'*/[0m
  ↳ app/views/children/_form.html.erb:26
  Rendered children/_form.html.erb (Duration: 13.2ms | GC: 1.4ms)
  Rendered children/new.html.erb within layouts/application (Duration: 15.5ms | GC: 2.6ms)
  Rendered layout layouts/application.html.erb (Duration: 16.5ms | GC: 2.6ms)
Completed 200 OK in 31ms (Views: 16.8ms | ActiveRecord: 1.7ms (1 query, 0 cached) | GC: 3.4ms)


Started GET "/children/new" for 127.0.0.1 at 2025-01-20 21:17:52 -0400
Processing by ChildrenController#new as HTML
  Rendering layout layouts/application.html.erb
  Rendering children/new.html.erb within layouts/application
  [1m[36mFather Load (0.1ms)[0m  [1m[34mSELECT "fathers".* FROM "fathers" /*action='new',application='Aula25',controller='children'*/[0m
  ↳ app/views/children/_form.html.erb:26
  Rendered children/_form.html.erb (Duration: 6.2ms | GC: 0.2ms)
  Rendered children/new.html.erb within layouts/application (Duration: 7.2ms | GC: 0.2ms)
  Rendered layout layouts/application.html.erb (Duration: 8.1ms | GC: 0.2ms)
Completed 200 OK in 21ms (Views: 9.7ms | ActiveRecord: 1.0ms (1 query, 0 cached) | GC: 0.4ms)


Started POST "/children" for 127.0.0.1 at 2025-01-20 21:18:05 -0400
Processing by ChildrenController#create as HTML
  Parameters: {"authenticity_token"=>"[FILTERED]", "child"=>{"name"=>"josefa", "sex"=>"F", "father_id"=>"2"}, "commit"=>"Create Child"}
  [1m[36mTRANSACTION (0.1ms)[0m  [1m[35mBEGIN immediate TRANSACTION /*action='create',application='Aula25',controller='children'*/[0m
  ↳ app/controllers/children_controller.rb:27:in `block in create'
  [1m[36mFather Load (1.0ms)[0m  [1m[34mSELECT "fathers".* FROM "fathers" WHERE "fathers"."id" = 2 LIMIT 1 /*action='create',application='Aula25',controller='children'*/[0m
  ↳ app/controllers/children_controller.rb:27:in `block in create'
  [1m[36mChild Create (0.1ms)[0m  [1m[32mINSERT INTO "children" ("name", "sex", "father_id", "created_at", "updated_at") VALUES ('josefa', 'F', 2, '2025-01-21 01:18:05.167303', '2025-01-21 01:18:05.167303') RETURNING "id" /*action='create',application='Aula25',controller='children'*/[0m
  ↳ app/controllers/children_controller.rb:27:in `block in create'
  [1m[36mTRANSACTION (534.5ms)[0m  [1m[35mCOMMIT TRANSACTION /*action='create',application='Aula25',controller='children'*/[0m
  ↳ app/controllers/children_controller.rb:27:in `block in create'
Redirected to http://localhost:3000/children/2
Completed 302 Found in 551ms (ActiveRecord: 535.7ms (2 queries, 0 cached) | GC: 0.7ms)


Started GET "/children/2" for 127.0.0.1 at 2025-01-20 21:18:05 -0400
Processing by ChildrenController#show as HTML
  Parameters: {"id"=>"2"}
  [1m[36mChild Load (0.1ms)[0m  [1m[34mSELECT "children".* FROM "children" WHERE "children"."id" = 2 LIMIT 1 /*action='show',application='Aula25',controller='children'*/[0m
  ↳ app/controllers/children_controller.rb:63:in `set_child'
  Rendering layout layouts/application.html.erb
  Rendering children/show.html.erb within layouts/application
  [1m[36mFather Load (0.1ms)[0m  [1m[34mSELECT "fathers".* FROM "fathers" WHERE "fathers"."id" = 2 LIMIT 1 /*action='show',application='Aula25',controller='children'*/[0m
  ↳ app/views/children/_child.html.erb:14
  Rendered children/_child.html.erb (Duration: 1.3ms | GC: 0.0ms)
  Rendered children/show.html.erb within layouts/application (Duration: 2.8ms | GC: 0.0ms)
  Rendered layout layouts/application.html.erb (Duration: 3.4ms | GC: 0.0ms)
Completed 200 OK in 15ms (Views: 3.7ms | ActiveRecord: 0.2ms (2 queries, 0 cached) | GC: 0.0ms)


Started GET "/children" for 127.0.0.1 at 2025-01-20 21:18:07 -0400
Processing by ChildrenController#index as HTML
  Rendering layout layouts/application.html.erb
  Rendering children/index.html.erb within layouts/application
  [1m[36mChild Load (0.1ms)[0m  [1m[34mSELECT "children".* FROM "children" /*action='index',application='Aula25',controller='children'*/[0m
  ↳ app/views/children/index.html.erb:8
  [1m[36mFather Load (0.1ms)[0m  [1m[34mSELECT "fathers".* FROM "fathers" WHERE "fathers"."id" = 1 LIMIT 1 /*action='index',application='Aula25',controller='children'*/[0m
  ↳ app/views/children/_child.html.erb:14
  Rendered children/_child.html.erb (Duration: 1.0ms | GC: 0.0ms)
  [1m[36mFather Load (0.1ms)[0m  [1m[34mSELECT "fathers".* FROM "fathers" WHERE "fathers"."id" = 2 LIMIT 1 /*action='index',application='Aula25',controller='children'*/[0m
  ↳ app/views/children/_child.html.erb:14
  Rendered children/_child.html.erb (Duration: 1.0ms | GC: 0.0ms)
  Rendered children/index.html.erb within layouts/application (Duration: 3.8ms | GC: 0.0ms)
  Rendered layout layouts/application.html.erb (Duration: 4.3ms | GC: 0.0ms)
Completed 200 OK in 13ms (Views: 4.3ms | ActiveRecord: 0.3ms (3 queries, 0 cached) | GC: 0.0ms)


Started GET "/children/new" for 127.0.0.1 at 2025-01-20 21:20:45 -0400
Processing by ChildrenController#new as HTML
  Rendering layout layouts/application.html.erb
  Rendering children/new.html.erb within layouts/application
  [1m[36mFather Load (0.4ms)[0m  [1m[34mSELECT "fathers".* FROM "fathers" /*action='new',application='Aula25',controller='children'*/[0m
  ↳ app/views/children/_form.html.erb:26
  Rendered children/_form.html.erb (Duration: 4.6ms | GC: 0.0ms)
  Rendered children/new.html.erb within layouts/application (Duration: 5.5ms | GC: 0.0ms)
  Rendered layout layouts/application.html.erb (Duration: 6.2ms | GC: 0.0ms)
Completed 200 OK in 12ms (Views: 6.2ms | ActiveRecord: 0.4ms (1 query, 0 cached) | GC: 0.0ms)


Started POST "/children" for 127.0.0.1 at 2025-01-20 21:20:52 -0400
Processing by ChildrenController#create as HTML
  Parameters: {"authenticity_token"=>"[FILTERED]", "child"=>{"name"=>"rebeca", "sex"=>"F", "father_id"=>"1"}, "commit"=>"Create Child"}
  [1m[36mTRANSACTION (0.1ms)[0m  [1m[35mBEGIN immediate TRANSACTION /*action='create',application='Aula25',controller='children'*/[0m
  ↳ app/controllers/children_controller.rb:27:in `block in create'
  [1m[36mFather Load (1.1ms)[0m  [1m[34mSELECT "fathers".* FROM "fathers" WHERE "fathers"."id" = 1 LIMIT 1 /*action='create',application='Aula25',controller='children'*/[0m
  ↳ app/controllers/children_controller.rb:27:in `block in create'
  [1m[36mChild Create (0.2ms)[0m  [1m[32mINSERT INTO "children" ("name", "sex", "father_id", "created_at", "updated_at") VALUES ('rebeca', 'F', 1, '2025-01-21 01:20:52.242507', '2025-01-21 01:20:52.242507') RETURNING "id" /*action='create',application='Aula25',controller='children'*/[0m
  ↳ app/controllers/children_controller.rb:27:in `block in create'
  [1m[36mTRANSACTION (0.2ms)[0m  [1m[35mCOMMIT TRANSACTION /*action='create',application='Aula25',controller='children'*/[0m
  ↳ app/controllers/children_controller.rb:27:in `block in create'
Redirected to http://localhost:3000/children/3
Completed 302 Found in 13ms (ActiveRecord: 1.5ms (2 queries, 0 cached) | GC: 0.0ms)


Started GET "/children/3" for 127.0.0.1 at 2025-01-20 21:20:52 -0400
Processing by ChildrenController#show as HTML
  Parameters: {"id"=>"3"}
  [1m[36mChild Load (0.1ms)[0m  [1m[34mSELECT "children".* FROM "children" WHERE "children"."id" = 3 LIMIT 1 /*action='show',application='Aula25',controller='children'*/[0m
  ↳ app/controllers/children_controller.rb:63:in `set_child'
  Rendering layout layouts/application.html.erb
  Rendering children/show.html.erb within layouts/application
  [1m[36mFather Load (0.1ms)[0m  [1m[34mSELECT "fathers".* FROM "fathers" WHERE "fathers"."id" = 1 LIMIT 1 /*action='show',application='Aula25',controller='children'*/[0m
  ↳ app/views/children/_child.html.erb:14
  Rendered children/_child.html.erb (Duration: 1.1ms | GC: 0.0ms)
  Rendered children/show.html.erb within layouts/application (Duration: 1.9ms | GC: 0.0ms)
  Rendered layout layouts/application.html.erb (Duration: 2.3ms | GC: 0.0ms)
Completed 200 OK in 14ms (Views: 2.5ms | ActiveRecord: 0.2ms (2 queries, 0 cached) | GC: 4.9ms)


Started GET "/children" for 127.0.0.1 at 2025-01-20 21:20:56 -0400
Processing by ChildrenController#index as HTML
  Rendering layout layouts/application.html.erb
  Rendering children/index.html.erb within layouts/application
  [1m[36mChild Load (0.2ms)[0m  [1m[34mSELECT "children".* FROM "children" /*action='index',application='Aula25',controller='children'*/[0m
  ↳ app/views/children/index.html.erb:8
  [1m[36mFather Load (0.1ms)[0m  [1m[34mSELECT "fathers".* FROM "fathers" WHERE "fathers"."id" = 1 LIMIT 1 /*action='index',application='Aula25',controller='children'*/[0m
  ↳ app/views/children/_child.html.erb:14
  Rendered children/_child.html.erb (Duration: 1.5ms | GC: 0.0ms)
  [1m[36mFather Load (0.1ms)[0m  [1m[34mSELECT "fathers".* FROM "fathers" WHERE "fathers"."id" = 2 LIMIT 1 /*action='index',application='Aula25',controller='children'*/[0m
  ↳ app/views/children/_child.html.erb:14
  Rendered children/_child.html.erb (Duration: 1.0ms | GC: 0.0ms)
  [1m[36mCACHE Father Load (0.0ms)[0m  [1m[34mSELECT "fathers".* FROM "fathers" WHERE "fathers"."id" = 1 LIMIT 1[0m
  ↳ app/views/children/_child.html.erb:14
  Rendered children/_child.html.erb (Duration: 0.7ms | GC: 0.0ms)
  Rendered children/index.html.erb within layouts/application (Duration: 6.8ms | GC: 0.9ms)
  Rendered layout layouts/application.html.erb (Duration: 7.3ms | GC: 0.9ms)
Completed 200 OK in 18ms (Views: 7.2ms | ActiveRecord: 0.3ms (4 queries, 1 cached) | GC: 0.9ms)


Started GET "/fathers" for 127.0.0.1 at 2025-01-20 21:21:26 -0400
Processing by FathersController#index as HTML
  Rendering layout layouts/application.html.erb
  Rendering fathers/index.html.erb within layouts/application
  [1m[36mFather Load (0.1ms)[0m  [1m[34mSELECT "fathers".* FROM "fathers" /*action='index',application='Aula25',controller='fathers'*/[0m
  ↳ app/views/fathers/index.html.erb:8
  Rendered fathers/_father.html.erb (Duration: 0.3ms | GC: 0.0ms)
  Rendered fathers/_father.html.erb (Duration: 0.1ms | GC: 0.0ms)
  Rendered fathers/index.html.erb within layouts/application (Duration: 2.5ms | GC: 0.0ms)
  Rendered layout layouts/application.html.erb (Duration: 2.9ms | GC: 0.0ms)
Completed 200 OK in 8ms (Views: 3.7ms | ActiveRecord: 0.1ms (1 query, 0 cached) | GC: 0.4ms)


Started GET "/fathers/1" for 127.0.0.1 at 2025-01-20 21:21:28 -0400
Processing by FathersController#show as HTML
  Parameters: {"id"=>"1"}
  [1m[36mFather Load (0.1ms)[0m  [1m[34mSELECT "fathers".* FROM "fathers" WHERE "fathers"."id" = 1 LIMIT 1 /*action='show',application='Aula25',controller='fathers'*/[0m
  ↳ app/controllers/fathers_controller.rb:63:in `set_father'
  Rendering layout layouts/application.html.erb
  Rendering fathers/show.html.erb within layouts/application
  Rendered fathers/_father.html.erb (Duration: 0.0ms | GC: 0.0ms)
  Rendered fathers/show.html.erb within layouts/application (Duration: 1.1ms | GC: 0.0ms)
  Rendered layout layouts/application.html.erb (Duration: 1.7ms | GC: 0.2ms)
Completed 200 OK in 12ms (Views: 2.0ms | ActiveRecord: 0.1ms (1 query, 0 cached) | GC: 0.2ms)


Started GET "/fathers" for 127.0.0.1 at 2025-01-20 21:21:30 -0400
Processing by FathersController#index as HTML
  Rendering layout layouts/application.html.erb
  Rendering fathers/index.html.erb within layouts/application
  [1m[36mFather Load (0.1ms)[0m  [1m[34mSELECT "fathers".* FROM "fathers" /*action='index',application='Aula25',controller='fathers'*/[0m
  ↳ app/views/fathers/index.html.erb:8
  Rendered fathers/_father.html.erb (Duration: 0.1ms | GC: 0.0ms)
  Rendered fathers/_father.html.erb (Duration: 0.0ms | GC: 0.0ms)
  Rendered fathers/index.html.erb within layouts/application (Duration: 1.8ms | GC: 0.0ms)
  Rendered layout layouts/application.html.erb (Duration: 2.3ms | GC: 0.0ms)
Completed 200 OK in 11ms (Views: 2.5ms | ActiveRecord: 0.1ms (1 query, 0 cached) | GC: 0.0ms)


Started GET "/fathers" for 127.0.0.1 at 2025-01-20 21:22:22 -0400
Processing by FathersController#index as HTML
  Rendering layout layouts/application.html.erb
  Rendering fathers/index.html.erb within layouts/application
  [1m[36mFather Load (1.0ms)[0m  [1m[34mSELECT "fathers".* FROM "fathers" /*action='index',application='Aula25',controller='fathers'*/[0m
  ↳ app/views/fathers/index.html.erb:8
  Rendered fathers/_father.html.erb (Duration: 0.3ms | GC: 0.0ms)
  Rendered fathers/_father.html.erb (Duration: 0.0ms | GC: 0.0ms)
  Rendered fathers/index.html.erb within layouts/application (Duration: 10.2ms | GC: 1.7ms)
  Rendered layout layouts/application.html.erb (Duration: 11.0ms | GC: 1.7ms)
Completed 200 OK in 18ms (Views: 10.3ms | ActiveRecord: 1.6ms (1 query, 0 cached) | GC: 1.7ms)


Started GET "/fathers/1" for 127.0.0.1 at 2025-01-20 21:22:32 -0400
Processing by FathersController#show as HTML
  Parameters: {"id"=>"1"}
  [1m[36mFather Load (0.2ms)[0m  [1m[34mSELECT "fathers".* FROM "fathers" WHERE "fathers"."id" = 1 LIMIT 1 /*action='show',application='Aula25',controller='fathers'*/[0m
  ↳ app/controllers/fathers_controller.rb:63:in `set_father'
  Rendering layout layouts/application.html.erb
  Rendering fathers/show.html.erb within layouts/application
  Rendered fathers/_father.html.erb (Duration: 0.0ms | GC: 0.0ms)
  Rendered fathers/show.html.erb within layouts/application (Duration: 1.1ms | GC: 0.0ms)
  Rendered layout layouts/application.html.erb (Duration: 1.5ms | GC: 0.0ms)
Completed 200 OK in 11ms (Views: 1.8ms | ActiveRecord: 0.2ms (1 query, 0 cached) | GC: 0.0ms)


  [1m[36mFather Load (0.2ms)[0m  [1m[34mSELECT "fathers".* FROM "fathers" ORDER BY "fathers"."id" DESC LIMIT 1 /*application='Aula25'*/[0m
  [1m[36mFather Load (0.2ms)[0m  [1m[34mSELECT "fathers".* FROM "fathers" ORDER BY "fathers"."id" ASC LIMIT 1 /*application='Aula25'*/[0m
  [1m[36mChild Load (0.3ms)[0m  [1m[34mSELECT "children".* FROM "children" WHERE "children"."father_id" = 1 /* loading for pp */ LIMIT 11 /*application='Aula25'*/[0m
Started GET "/fathers/1" for 127.0.0.1 at 2025-01-20 21:27:10 -0400
Processing by FathersController#show as HTML
  Parameters: {"id"=>"1"}
  [1m[36mFather Load (0.1ms)[0m  [1m[34mSELECT "fathers".* FROM "fathers" WHERE "fathers"."id" = 1 LIMIT 1 /*action='show',application='Aula25',controller='fathers'*/[0m
  ↳ app/controllers/fathers_controller.rb:63:in `set_father'
  Rendering layout layouts/application.html.erb
  Rendering fathers/show.html.erb within layouts/application
  [1m[36mChild Load (0.1ms)[0m  [1m[34mSELECT "children".* FROM "children" WHERE "children"."father_id" = 1 /*action='show',application='Aula25',controller='fathers'*/[0m
  ↳ app/views/fathers/_father.html.erb:8
  Rendered fathers/_father.html.erb (Duration: 8.7ms | GC: 0.5ms)
  Rendered fathers/show.html.erb within layouts/application (Duration: 11.1ms | GC: 0.5ms)
  Rendered layout layouts/application.html.erb (Duration: 13.1ms | GC: 0.5ms)
Completed 200 OK in 28ms (Views: 14.1ms | ActiveRecord: 1.5ms (2 queries, 0 cached) | GC: 0.9ms)


Started GET "/fathers/1" for 127.0.0.1 at 2025-01-20 21:27:43 -0400
Processing by FathersController#show as HTML
  Parameters: {"id"=>"1"}
  [1m[36mFather Load (0.1ms)[0m  [1m[34mSELECT "fathers".* FROM "fathers" WHERE "fathers"."id" = 1 LIMIT 1 /*action='show',application='Aula25',controller='fathers'*/[0m
  ↳ app/controllers/fathers_controller.rb:63:in `set_father'
  Rendering layout layouts/application.html.erb
  Rendering fathers/show.html.erb within layouts/application
  [1m[36mChild Load (0.1ms)[0m  [1m[34mSELECT "children".* FROM "children" WHERE "children"."father_id" = 1 /*action='show',application='Aula25',controller='fathers'*/[0m
  ↳ app/views/fathers/_father.html.erb:8
  Rendered fathers/_father.html.erb (Duration: 7.7ms | GC: 0.0ms)
  Rendered fathers/show.html.erb within layouts/application (Duration: 10.6ms | GC: 0.0ms)
  Rendered layout layouts/application.html.erb (Duration: 12.3ms | GC: 0.0ms)
Completed 200 OK in 27ms (Views: 13.2ms | ActiveRecord: 1.8ms (2 queries, 0 cached) | GC: 0.0ms)


Started GET "/fathers/1" for 127.0.0.1 at 2025-01-20 21:28:52 -0400
Processing by FathersController#show as HTML
  Parameters: {"id"=>"1"}
  [1m[36mFather Load (0.1ms)[0m  [1m[34mSELECT "fathers".* FROM "fathers" WHERE "fathers"."id" = 1 LIMIT 1 /*action='show',application='Aula25',controller='fathers'*/[0m
  ↳ app/controllers/fathers_controller.rb:63:in `set_father'
  Rendering layout layouts/application.html.erb
  Rendering fathers/show.html.erb within layouts/application
  [1m[36mChild Load (0.1ms)[0m  [1m[34mSELECT "children".* FROM "children" WHERE "children"."father_id" = 1 /*action='show',application='Aula25',controller='fathers'*/[0m
  ↳ app/views/fathers/_father.html.erb:8
  Rendered fathers/_father.html.erb (Duration: 6.9ms | GC: 0.1ms)
  Rendered fathers/show.html.erb within layouts/application (Duration: 10.0ms | GC: 0.1ms)
  Rendered layout layouts/application.html.erb (Duration: 11.8ms | GC: 0.1ms)
Completed 200 OK in 23ms (Views: 12.6ms | ActiveRecord: 1.2ms (2 queries, 0 cached) | GC: 0.4ms)


Started GET "/fathers/1" for 127.0.0.1 at 2025-01-20 21:32:05 -0400
Processing by FathersController#show as HTML
  Parameters: {"id"=>"1"}
  [1m[36mFather Load (0.2ms)[0m  [1m[34mSELECT "fathers".* FROM "fathers" WHERE "fathers"."id" = 1 LIMIT 1 /*action='show',application='Aula25',controller='fathers'*/[0m
  ↳ app/controllers/fathers_controller.rb:63:in `set_father'
  Rendering layout layouts/application.html.erb
  Rendering fathers/show.html.erb within layouts/application
  [1m[36mChild Load (0.1ms)[0m  [1m[34mSELECT "children".* FROM "children" WHERE "children"."father_id" = 1 /*action='show',application='Aula25',controller='fathers'*/[0m
  ↳ app/views/fathers/_father.html.erb:8
  Rendered fathers/_father.html.erb (Duration: 7.9ms | GC: 0.0ms)
  Rendered fathers/show.html.erb within layouts/application (Duration: 10.2ms | GC: 0.0ms)
  Rendered layout layouts/application.html.erb (Duration: 11.7ms | GC: 0.0ms)
Completed 200 OK in 28ms (Views: 12.6ms | ActiveRecord: 1.6ms (2 queries, 0 cached) | GC: 0.0ms)


Started GET "/fathers/1" for 127.0.0.1 at 2025-01-20 21:34:22 -0400
Processing by FathersController#show as HTML
  Parameters: {"id"=>"1"}
  [1m[36mFather Load (0.1ms)[0m  [1m[34mSELECT "fathers".* FROM "fathers" WHERE "fathers"."id" = 1 LIMIT 1 /*action='show',application='Aula25',controller='fathers'*/[0m
  ↳ app/controllers/fathers_controller.rb:63:in `set_father'
  Rendering layout layouts/application.html.erb
  Rendering fathers/show.html.erb within layouts/application
  [1m[36mChild Load (0.2ms)[0m  [1m[34mSELECT "children".* FROM "children" WHERE "children"."father_id" = 1 /*action='show',application='Aula25',controller='fathers'*/[0m
  ↳ app/views/fathers/_father.html.erb:8
  Rendered fathers/_father.html.erb (Duration: 6.4ms | GC: 0.1ms)
  Rendered fathers/show.html.erb within layouts/application (Duration: 8.6ms | GC: 0.1ms)
  Rendered layout layouts/application.html.erb (Duration: 9.4ms | GC: 0.1ms)
Completed 200 OK in 21ms (Views: 9.8ms | ActiveRecord: 1.1ms (2 queries, 0 cached) | GC: 0.3ms)


Started GET "/fathers/1" for 127.0.0.1 at 2025-01-20 21:35:29 -0400
  
SyntaxError (/home/braga/ror-studies/aula25/app/helpers/application_helper.rb:6: syntax error, unexpected ==
        elsif == 'F'
              ^~
):
  
app/helpers/application_helper.rb:6: syntax error, unexpected ==
app/controllers/application_controller.rb:1:in `<main>'
app/controllers/fathers_controller.rb:1:in `<main>'
Started GET "/fathers/1" for 127.0.0.1 at 2025-01-20 21:36:33 -0400
Processing by FathersController#show as HTML
  Parameters: {"id"=>"1"}
  [1m[36mFather Load (0.1ms)[0m  [1m[34mSELECT "fathers".* FROM "fathers" WHERE "fathers"."id" = 1 LIMIT 1 /*action='show',application='Aula25',controller='fathers'*/[0m
  ↳ app/controllers/fathers_controller.rb:63:in `set_father'
  Rendering layout layouts/application.html.erb
  Rendering fathers/show.html.erb within layouts/application
  [1m[36mChild Load (0.1ms)[0m  [1m[34mSELECT "children".* FROM "children" WHERE "children"."father_id" = 1 /*action='show',application='Aula25',controller='fathers'*/[0m
  ↳ app/views/fathers/_father.html.erb:8
  Rendered fathers/_father.html.erb (Duration: 11.1ms | GC: 2.8ms)
  Rendered fathers/show.html.erb within layouts/application (Duration: 13.2ms | GC: 2.8ms)
  Rendered layout layouts/application.html.erb (Duration: 14.2ms | GC: 2.8ms)
Completed 200 OK in 26ms (Views: 14.7ms | ActiveRecord: 1.2ms (2 queries, 0 cached) | GC: 2.8ms)


Started GET "/children" for 127.0.0.1 at 2025-01-20 21:38:31 -0400
Processing by ChildrenController#index as HTML
  Rendering layout layouts/application.html.erb
  Rendering children/index.html.erb within layouts/application
  [1m[36mChild Load (0.5ms)[0m  [1m[34mSELECT "children".* FROM "children" /*action='index',application='Aula25',controller='children'*/[0m
  ↳ app/views/children/index.html.erb:8
  [1m[36mFather Load (0.3ms)[0m  [1m[34mSELECT "fathers".* FROM "fathers" WHERE "fathers"."id" = 1 LIMIT 1 /*action='index',application='Aula25',controller='children'*/[0m
  ↳ app/views/children/_child.html.erb:14
  Rendered children/_child.html.erb (Duration: 8.4ms | GC: 0.2ms)
  [1m[36mFather Load (0.1ms)[0m  [1m[34mSELECT "fathers".* FROM "fathers" WHERE "fathers"."id" = 2 LIMIT 1 /*action='index',application='Aula25',controller='children'*/[0m
  ↳ app/views/children/_child.html.erb:14
  Rendered children/_child.html.erb (Duration: 1.1ms | GC: 0.0ms)
  [1m[36mCACHE Father Load (0.0ms)[0m  [1m[34mSELECT "fathers".* FROM "fathers" WHERE "fathers"."id" = 1 LIMIT 1[0m
  ↳ app/views/children/_child.html.erb:14
  Rendered children/_child.html.erb (Duration: 0.7ms | GC: 0.0ms)
  Rendered children/index.html.erb within layouts/application (Duration: 15.8ms | GC: 0.3ms)
  Rendered layout layouts/application.html.erb (Duration: 16.6ms | GC: 0.3ms)
Completed 200 OK in 26ms (Views: 15.9ms | ActiveRecord: 1.6ms (4 queries, 1 cached) | GC: 0.5ms)


Started GET "/children/new" for 127.0.0.1 at 2025-01-20 21:38:42 -0400
Processing by ChildrenController#new as HTML
  Rendering layout layouts/application.html.erb
  Rendering children/new.html.erb within layouts/application
  Rendered children/_form.html.erb (Duration: 3.0ms | GC: 0.3ms)
  Rendered children/new.html.erb within layouts/application (Duration: 4.1ms | GC: 0.3ms)
  Rendered layout layouts/application.html.erb (Duration: 4.4ms | GC: 0.3ms)
Completed 500 Internal Server Error in 12ms (ActiveRecord: 0.0ms (0 queries, 0 cached) | GC: 0.6ms)


  
ActionView::Template::Error (undefined method `map' for nil)
Caused by: NoMethodError (undefined method `map' for nil)

Information for: ActionView::Template::Error (undefined method `map' for nil):
    23: 
    24:   <div>
    25:     <%= form.label :father_id, style: "display: block" %>
    26:     <%= form.collection_select(:father_id, @fathers, :id, :name, {include_blank: true}) %>
    27:   </div>
    28:   <br>
    29:   <div>
  
app/views/children/_form.html.erb:26
app/views/children/_form.html.erb:1
app/views/children/new.html.erb:5

Information for cause: NoMethodError (undefined method `map' for nil):
  
app/views/children/_form.html.erb:26
app/views/children/_form.html.erb:1
app/views/children/new.html.erb:5
Started GET "/children/new" for 127.0.0.1 at 2025-01-20 21:39:23 -0400
Processing by ChildrenController#new as HTML
  Rendering layout layouts/application.html.erb
  Rendering children/new.html.erb within layouts/application
  [1m[36mFather Load (0.1ms)[0m  [1m[34mSELECT "fathers".* FROM "fathers" /*action='new',application='Aula25',controller='children'*/[0m
  ↳ app/views/children/_form.html.erb:26
  Rendered children/_form.html.erb (Duration: 5.6ms | GC: 0.0ms)
  Rendered children/new.html.erb within layouts/application (Duration: 6.5ms | GC: 0.0ms)
  Rendered layout layouts/application.html.erb (Duration: 7.6ms | GC: 0.2ms)
Completed 200 OK in 23ms (Views: 9.4ms | ActiveRecord: 1.1ms (1 query, 0 cached) | GC: 0.8ms)


